
validate:pre:build:
     [echo] Checking for existence of GLOBUS_LOCATION envrironment variable.
     [echo] wscore.relative.dir = ws-core-4.0.3
     [echo] GLOBUS_LOCATION is set to C:\globus\ws-core-4.0.3 nothing needs to be done.

clean:
   [delete] Deleting directory C:\CC\software\target\dist

BUILD FAILED

C:\CC\software\build\build.xml:238: Unable to delete directory C:\CC\software\target\dist
	at org.apache.tools.ant.taskdefs.Delete.handle(Delete.java:620)
	at org.apache.tools.ant.taskdefs.Delete.removeDir(Delete.java:685)
	at org.apache.tools.ant.taskdefs.Delete.removeDir(Delete.java:675)
	at org.apache.tools.ant.taskdefs.Delete.removeDir(Delete.java:675)
	at org.apache.tools.ant.taskdefs.Delete.execute(Delete.java:543)
	at org.apache.tools.ant.UnknownElement.execute(UnknownElement.java:288)
	at sun.reflect.GeneratedMethodAccessor10.invoke(Unknown Source)
	at sun.reflect.DelegatingMethodAccessorImpl.invoke(DelegatingMethodAccessorImpl.java:25)
	at java.lang.reflect.Method.invoke(Method.java:585)
	at org.apache.tools.ant.dispatch.DispatchUtils.execute(DispatchUtils.java:105)
	at org.apache.tools.ant.Task.perform(Task.java:348)
	at org.apache.tools.ant.Target.execute(Target.java:357)
	at org.apache.tools.ant.Target.performTasks(Target.java:385)
	at org.apache.tools.ant.Project.executeSortedTargets(Project.java:1329)
	at org.apache.tools.ant.Project.executeTarget(Project.java:1298)
	at org.apache.tools.ant.helper.DefaultExecutor.executeTargets(DefaultExecutor.java:41)
	at org.apache.tools.ant.Project.executeTargets(Project.java:1181)
	at org.apache.tools.ant.Main.runBuild(Main.java:698)
	at org.apache.tools.ant.Main.startAnt(Main.java:199)
	at org.apache.tools.ant.launch.Launcher.run(Launcher.java:257)
	at org.apache.tools.ant.launch.Launcher.main(Launcher.java:104)
