
validate:pre:build:
     [echo] Checking for existence of GLOBUS_LOCATION envrironment variable.
     [echo] wscore.relative.dir = ws-core-4.0.3
     [echo] GLOBUS_LOCATION is set to C:\globus\ws-core-4.0.3 nothing needs to be done.

clean:
   [delete] Deleting directory C:\CC\software\target\dist3
   [delete] Deleting directory C:\CC\software\target\temp

init:
     [echo]  ______   ______   _______ 
     [echo] (____  \ (______) (_______)
     [echo]  ____)  ) _     _  _______ 
     [echo] |  __  ( | |   | ||  ___  |
     [echo] | |__)  )| |__/ / | |   | |
     [echo] |______/ |_____/  |_|   |_|
    [mkdir] Created dir: C:\CC\software\target\dist3
    [mkdir] Created dir: C:\CC\software\target\dist3\exploded
    [mkdir] Created dir: C:\CC\software\target\dist3\exploded\C3DGrid\webapps
    [mkdir] Created dir: C:\CC\software\target\dist3\exploded\common
    [mkdir] Created dir: C:\CC\software\target\dist3\exploded\tools
    [mkdir] Created dir: C:\CC\software\target\temp
    [mkdir] Created dir: C:\CC\software\target\dist3\exploded\db\db-install
    [mkdir] Created dir: C:\CC\software\target\dist3\exploded\db\db-upgrade
    [mkdir] Created dir: C:\CC\software\target\dist3\exploded\dll
    [mkdir] Created dir: C:\CC\software\target\dist3\exploded\conf

build:secureTomcatContainer:

deploySecureTomcat:

_baseTomcatDeploy:
    [mkdir] Created dir: C:\CC\software\target\dist3\exploded\webapps
     [copy] Copying 111 files to C:\CC\software\target\dist3\exploded\webapps
    [mkdir] Created dir: C:\CC\software\target\dist3\exploded\webapps\WEB-INF
     [copy] Copying 39 files to C:\CC\software\target\dist3\exploded\webapps\WEB-INF
    [mkdir] Created dir: C:\CC\software\target\dist3\exploded\webapps\WEB-INF\classes
     [copy] Copying 1 file to C:\CC\software\target\dist3\exploded\webapps\WEB-INF\classes
     [copy] Copying 1 file to C:\CC\software\target\dist3\exploded\webapps\WEB-INF\classes
    [mkdir] Created dir: C:\CC\software\target\dist3\exploded\webapps\WEB-INF\lib
     [copy] Copying 1 file to C:\CC\software\target\dist3\exploded\webapps\WEB-INF
     [copy] Copying 1 file to C:\CC\software\target\dist3\exploded\common\endorsed
     [copy] Copying 54 files to C:\CC\software\target\dist3\exploded\webapps\WEB-INF\lib
     [copy] Copying 9 files to C:\CC\software\target\dist3\exploded\common\lib
     [copy] Copying 1 file to C:\CC\software\target\dist3\exploded\server\lib

build:C3DGridService:
Trying to override old definition of task propertycopy
Trying to override old definition of task shellscript
Trying to override old definition of task pathtofileset
Trying to override old definition of task runtarget
Trying to override old definition of task remoteant
Trying to override old definition of task propertyregex
Trying to override old definition of task assert
Trying to override old definition of task math
Trying to override old definition of task trycatch
Trying to override old definition of task antserver
Trying to override old definition of task antcallback
Trying to override old definition of task compilewithwalls
Trying to override old definition of task outofdate
Trying to override old definition of task osfamily
Trying to override old definition of task stopwatch
Trying to override old definition of task throw
Trying to override old definition of task antclipse
Trying to override old definition of task urlencode
Trying to override old definition of task timestampselector
Trying to override old definition of task foreach
Trying to override old definition of task if
Trying to override old definition of task propertyselector
Trying to override old definition of task sortlist
Trying to override old definition of task antfetch
Trying to override old definition of task post
Trying to override old definition of task forget
Trying to override old definition of task limit
Trying to override old definition of task switch
Trying to override old definition of task relentless
Trying to override old definition of task var
Trying to override old definition of task inifile
Trying to override old definition of task verifydesign
Trying to override old definition of task for

setGlobus:

checkGlobus:
     [echo] Globus: C:\globus\ws-core-4.0.3

defineClasspaths:

defineExtendedClasspaths:

init:

preInit:
    [mkdir] Created dir: C:\CC\software\C3DGridService\build
    [mkdir] Created dir: C:\CC\software\C3DGridService\build\classes
    [mkdir] Created dir: C:\CC\software\C3DGridService\build\test\classes
    [mkdir] Created dir: C:\CC\software\C3DGridService\build\lib
    [mkdir] Created dir: C:\CC\software\C3DGridService\build\stubs-C3DGridService
    [mkdir] Created dir: C:\CC\software\C3DGridService\build\stubs-C3DGridService\src
    [mkdir] Created dir: C:\CC\software\C3DGridService\build\stubs-C3DGridService\classes
    [mkdir] Created dir: C:\CC\software\C3DGridService\build\schema
     [copy] Copying 44 files to C:\CC\software\C3DGridService\build\schema

postInit:

stubs:

preStubs:
     [echo] Generating stubs for C3DGridService.

setGlobus:

checkGlobus:
     [echo] Globus: C:\globus\ws-core-4.0.3

defineClasspaths:

defineExtendedClasspaths:

init:

preInit:

postInit:

serviceGenerateBindings:

bindingUptodate:

generateBinding:
     [echo] Generating bindings for C3DGridService.wsdl

merge:

mergePackageMapping:
     [echo] Merging C:\CC\software\C3DGridService\namespace2package.mappings

serviceStubs:

generateStubs:
     [echo]  Generating stubs from C3DGridService_service.wsdl
     [java] {http://schemas.xmlsoap.org/ws/2004/03/addressing}Action already exists
     [java] java.io.FileNotFoundException: C:\CC\software\C3DGridService\build\schema\C3DGridService\LoadLabs.xsd (The system cannot find the file specified)
     [java] 	at java.io.FileInputStream.open(Native Method)
     [java] 	at java.io.FileInputStream.<init>(FileInputStream.java:106)
     [java] 	at java.io.FileInputStream.<init>(FileInputStream.java:66)
     [java] 	at sun.net.www.protocol.file.FileURLConnection.connect(FileURLConnection.java:70)
     [java] 	at sun.net.www.protocol.file.FileURLConnection.getInputStream(FileURLConnection.java:161)
     [java] 	at org.apache.xerces.impl.XMLEntityManager.setupCurrentEntity(Unknown Source)
     [java] 	at org.apache.xerces.impl.XMLVersionDetector.determineDocVersion(Unknown Source)
     [java] 	at org.apache.xerces.parsers.XML11Configuration.parse(Unknown Source)
     [java] 	at org.apache.xerces.parsers.XML11Configuration.parse(Unknown Source)
     [java] 	at org.apache.xerces.parsers.XMLParser.parse(Unknown Source)
     [java] 	at org.apache.xerces.parsers.DOMParser.parse(Unknown Source)
     [java] 	at org.apache.xerces.jaxp.DocumentBuilderImpl.parse(Unknown Source)
     [java] 	at org.apache.axis.utils.XMLUtils.newDocument(XMLUtils.java:362)
     [java] 	at org.apache.axis.utils.XMLUtils.newDocument(XMLUtils.java:413)
     [java] 	at org.apache.axis.utils.XMLUtils.newDocument(XMLUtils.java:396)
     [java] 	at org.apache.axis.wsdl.symbolTable.SymbolTable.lookForImports(SymbolTable.java:848)
     [java] 	at org.apache.axis.wsdl.symbolTable.SymbolTable.lookForImports(SymbolTable.java:854)
     [java] 	at org.apache.axis.wsdl.symbolTable.SymbolTable.lookForImports(SymbolTable.java:854)
     [java] 	at org.apache.axis.wsdl.symbolTable.SymbolTable.lookForImports(SymbolTable.java:854)
     [java] 	at org.apache.axis.wsdl.symbolTable.SymbolTable.populate(SymbolTable.java:701)
     [java] 	at org.apache.axis.wsdl.symbolTable.SymbolTable.populate(SymbolTable.java:725)
     [java] 	at org.apache.axis.wsdl.symbolTable.SymbolTable.populate(SymbolTable.java:725)
     [java] 	at org.apache.axis.wsdl.symbolTable.SymbolTable.add(SymbolTable.java:534)
     [java] 	at org.apache.axis.wsdl.symbolTable.SymbolTable.populate(SymbolTable.java:509)
     [java] 	at org.apache.axis.wsdl.symbolTable.SymbolTable.populate(SymbolTable.java:486)
     [java] 	at org.apache.axis.wsdl.gen.Parser$WSDLRunnable.run(Parser.java:356)
     [java] 	at java.lang.Thread.run(Thread.java:595)

BUILD FAILED

C:\CC\software\build\build.xml:360: The following error occurred while executing this line:
C:\CC\software\C3DGridService\build.xml:238: The following error occurred while executing this line:
C:\CC\software\C3DGridService\build.xml:241: The following error occurred while executing this line:
C:\CC\software\C3DGridService\build.xml:225: The following error occurred while executing this line:
C:\CC\software\C3DGridService\build-stubs.xml:242: Java returned: 1
	at org.apache.tools.ant.ProjectHelper.addLocationToBuildException(ProjectHelper.java:541)
	at org.apache.tools.ant.taskdefs.Ant.execute(Ant.java:418)
	at org.apache.tools.ant.UnknownElement.execute(UnknownElement.java:288)
	at sun.reflect.GeneratedMethodAccessor10.invoke(Unknown Source)
	at sun.reflect.DelegatingMethodAccessorImpl.invoke(DelegatingMethodAccessorImpl.java:25)
	at java.lang.reflect.Method.invoke(Method.java:585)
	at org.apache.tools.ant.dispatch.DispatchUtils.execute(DispatchUtils.java:105)
	at org.apache.tools.ant.Task.perform(Task.java:348)
	at org.apache.tools.ant.Target.execute(Target.java:357)
	at org.apache.tools.ant.Target.performTasks(Target.java:385)
	at org.apache.tools.ant.Project.executeSortedTargets(Project.java:1329)
	at org.apache.tools.ant.Project.executeTarget(Project.java:1298)
	at org.apache.tools.ant.helper.DefaultExecutor.executeTargets(DefaultExecutor.java:41)
	at org.apache.tools.ant.Project.executeTargets(Project.java:1181)
	at org.apache.tools.ant.Main.runBuild(Main.java:698)
	at org.apache.tools.ant.Main.startAnt(Main.java:199)
	at org.apache.tools.ant.launch.Launcher.run(Launcher.java:257)
	at org.apache.tools.ant.launch.Launcher.main(Launcher.java:104)
Caused by: C:\CC\software\C3DGridService\build.xml:238: The following error occurred while executing this line:
C:\CC\software\C3DGridService\build.xml:241: The following error occurred while executing this line:
C:\CC\software\C3DGridService\build.xml:225: The following error occurred while executing this line:
C:\CC\software\C3DGridService\build-stubs.xml:242: Java returned: 1
	at org.apache.tools.ant.ProjectHelper.addLocationToBuildException(ProjectHelper.java:541)
	at org.apache.tools.ant.taskdefs.MacroInstance.execute(MacroInstance.java:394)
	at net.sf.antcontrib.logic.ForTask.doSequentialIteration(ForTask.java:259)
	at net.sf.antcontrib.logic.ForTask.doToken(ForTask.java:268)
	at net.sf.antcontrib.logic.ForTask.doTheTasks(ForTask.java:299)
	at net.sf.antcontrib.logic.ForTask.execute(ForTask.java:244)
	at org.apache.tools.ant.UnknownElement.execute(UnknownElement.java:288)
	at sun.reflect.GeneratedMethodAccessor10.invoke(Unknown Source)
	at sun.reflect.DelegatingMethodAccessorImpl.invoke(DelegatingMethodAccessorImpl.java:25)
	at java.lang.reflect.Method.invoke(Method.java:585)
	at org.apache.tools.ant.dispatch.DispatchUtils.execute(DispatchUtils.java:105)
	at org.apache.tools.ant.Task.perform(Task.java:348)
	at org.apache.tools.ant.Target.execute(Target.java:357)
	at org.apache.tools.ant.Target.performTasks(Target.java:385)
	at org.apache.tools.ant.Project.executeSortedTargets(Project.java:1329)
	at org.apache.tools.ant.helper.SingleCheckExecutor.executeTargets(SingleCheckExecutor.java:38)
	at org.apache.tools.ant.Project.executeTargets(Project.java:1181)
	at org.apache.tools.ant.taskdefs.Ant.execute(Ant.java:416)
	... 16 more
Caused by: C:\CC\software\C3DGridService\build.xml:241: The following error occurred while executing this line:
C:\CC\software\C3DGridService\build.xml:225: The following error occurred while executing this line:
C:\CC\software\C3DGridService\build-stubs.xml:242: Java returned: 1
	at org.apache.tools.ant.ProjectHelper.addLocationToBuildException(ProjectHelper.java:541)
	at org.apache.tools.ant.taskdefs.Ant.execute(Ant.java:418)
	at org.apache.tools.ant.taskdefs.CallTarget.execute(CallTarget.java:105)
	at org.apache.tools.ant.UnknownElement.execute(UnknownElement.java:288)
	at sun.reflect.GeneratedMethodAccessor10.invoke(Unknown Source)
	at sun.reflect.DelegatingMethodAccessorImpl.invoke(DelegatingMethodAccessorImpl.java:25)
	at java.lang.reflect.Method.invoke(Method.java:585)
	at org.apache.tools.ant.dispatch.DispatchUtils.execute(DispatchUtils.java:105)
	at org.apache.tools.ant.Task.perform(Task.java:348)
	at org.apache.tools.ant.taskdefs.Sequential.execute(Sequential.java:62)
	at org.apache.tools.ant.UnknownElement.execute(UnknownElement.java:288)
	at sun.reflect.GeneratedMethodAccessor10.invoke(Unknown Source)
	at sun.reflect.DelegatingMethodAccessorImpl.invoke(DelegatingMethodAccessorImpl.java:25)
	at java.lang.reflect.Method.invoke(Method.java:585)
	at org.apache.tools.ant.dispatch.DispatchUtils.execute(DispatchUtils.java:105)
	at org.apache.tools.ant.Task.perform(Task.java:348)
	at org.apache.tools.ant.taskdefs.MacroInstance.execute(MacroInstance.java:391)
	... 32 more
Caused by: C:\CC\software\C3DGridService\build.xml:225: The following error occurred while executing this line:
C:\CC\software\C3DGridService\build-stubs.xml:242: Java returned: 1
	at org.apache.tools.ant.ProjectHelper.addLocationToBuildException(ProjectHelper.java:541)
	at org.apache.tools.ant.taskdefs.Ant.execute(Ant.java:418)
	at org.apache.tools.ant.UnknownElement.execute(UnknownElement.java:288)
	at sun.reflect.GeneratedMethodAccessor34.invoke(Unknown Source)
	at sun.reflect.DelegatingMethodAccessorImpl.invoke(DelegatingMethodAccessorImpl.java:25)
	at java.lang.reflect.Method.invoke(Method.java:585)
	at org.apache.tools.ant.dispatch.DispatchUtils.execute(DispatchUtils.java:105)
	at org.apache.tools.ant.Task.perform(Task.java:348)
	at org.apache.tools.ant.Target.execute(Target.java:357)
	at org.apache.tools.ant.Target.performTasks(Target.java:385)
	at org.apache.tools.ant.Project.executeSortedTargets(Project.java:1329)
	at org.apache.tools.ant.helper.SingleCheckExecutor.executeTargets(SingleCheckExecutor.java:38)
	at org.apache.tools.ant.Project.executeTargets(Project.java:1181)
	at org.apache.tools.ant.taskdefs.Ant.execute(Ant.java:416)
	... 47 more
Caused by: C:\CC\software\C3DGridService\build-stubs.xml:242: Java returned: 1
	at org.apache.tools.ant.taskdefs.Java.execute(Java.java:107)
	at org.apache.tools.ant.UnknownElement.execute(UnknownElement.java:288)
	at sun.reflect.GeneratedMethodAccessor34.invoke(Unknown Source)
	at sun.reflect.DelegatingMethodAccessorImpl.invoke(DelegatingMethodAccessorImpl.java:25)
	at java.lang.reflect.Method.invoke(Method.java:585)
	at org.apache.tools.ant.dispatch.DispatchUtils.execute(DispatchUtils.java:105)
	at org.apache.tools.ant.Task.perform(Task.java:348)
	at org.apache.tools.ant.Target.execute(Target.java:357)
	at org.apache.tools.ant.Target.performTasks(Target.java:385)
	at org.apache.tools.ant.Project.executeSortedTargets(Project.java:1329)
	at org.apache.tools.ant.helper.SingleCheckExecutor.executeTargets(SingleCheckExecutor.java:38)
	at org.apache.tools.ant.Project.executeTargets(Project.java:1181)
	at org.apache.tools.ant.taskdefs.Ant.execute(Ant.java:416)
	... 59 more
--- Nested Exception ---
C:\CC\software\C3DGridService\build.xml:238: The following error occurred while executing this line:
C:\CC\software\C3DGridService\build.xml:241: The following error occurred while executing this line:
C:\CC\software\C3DGridService\build.xml:225: The following error occurred while executing this line:
C:\CC\software\C3DGridService\build-stubs.xml:242: Java returned: 1
	at org.apache.tools.ant.ProjectHelper.addLocationToBuildException(ProjectHelper.java:541)
	at org.apache.tools.ant.taskdefs.MacroInstance.execute(MacroInstance.java:394)
	at net.sf.antcontrib.logic.ForTask.doSequentialIteration(ForTask.java:259)
	at net.sf.antcontrib.logic.ForTask.doToken(ForTask.java:268)
	at net.sf.antcontrib.logic.ForTask.doTheTasks(ForTask.java:299)
	at net.sf.antcontrib.logic.ForTask.execute(ForTask.java:244)
	at org.apache.tools.ant.UnknownElement.execute(UnknownElement.java:288)
	at sun.reflect.GeneratedMethodAccessor10.invoke(Unknown Source)
	at sun.reflect.DelegatingMethodAccessorImpl.invoke(DelegatingMethodAccessorImpl.java:25)
	at java.lang.reflect.Method.invoke(Method.java:585)
	at org.apache.tools.ant.dispatch.DispatchUtils.execute(DispatchUtils.java:105)
	at org.apache.tools.ant.Task.perform(Task.java:348)
	at org.apache.tools.ant.Target.execute(Target.java:357)
	at org.apache.tools.ant.Target.performTasks(Target.java:385)
	at org.apache.tools.ant.Project.executeSortedTargets(Project.java:1329)
	at org.apache.tools.ant.helper.SingleCheckExecutor.executeTargets(SingleCheckExecutor.java:38)
	at org.apache.tools.ant.Project.executeTargets(Project.java:1181)
	at org.apache.tools.ant.taskdefs.Ant.execute(Ant.java:416)
	at org.apache.tools.ant.UnknownElement.execute(UnknownElement.java:288)
	at sun.reflect.GeneratedMethodAccessor10.invoke(Unknown Source)
	at sun.reflect.DelegatingMethodAccessorImpl.invoke(DelegatingMethodAccessorImpl.java:25)
	at java.lang.reflect.Method.invoke(Method.java:585)
	at org.apache.tools.ant.dispatch.DispatchUtils.execute(DispatchUtils.java:105)
	at org.apache.tools.ant.Task.perform(Task.java:348)
	at org.apache.tools.ant.Target.execute(Target.java:357)
	at org.apache.tools.ant.Target.performTasks(Target.java:385)
	at org.apache.tools.ant.Project.executeSortedTargets(Project.java:1329)
	at org.apache.tools.ant.Project.executeTarget(Project.java:1298)
	at org.apache.tools.ant.helper.DefaultExecutor.executeTargets(DefaultExecutor.java:41)
	at org.apache.tools.ant.Project.executeTargets(Project.java:1181)
	at org.apache.tools.ant.Main.runBuild(Main.java:698)
	at org.apache.tools.ant.Main.startAnt(Main.java:199)
	at org.apache.tools.ant.launch.Launcher.run(Launcher.java:257)
	at org.apache.tools.ant.launch.Launcher.main(Launcher.java:104)
Caused by: C:\CC\software\C3DGridService\build.xml:241: The following error occurred while executing this line:
C:\CC\software\C3DGridService\build.xml:225: The following error occurred while executing this line:
C:\CC\software\C3DGridService\build-stubs.xml:242: Java returned: 1
	at org.apache.tools.ant.ProjectHelper.addLocationToBuildException(ProjectHelper.java:541)
	at org.apache.tools.ant.taskdefs.Ant.execute(Ant.java:418)
	at org.apache.tools.ant.taskdefs.CallTarget.execute(CallTarget.java:105)
	at org.apache.tools.ant.UnknownElement.execute(UnknownElement.java:288)
	at sun.reflect.GeneratedMethodAccessor10.invoke(Unknown Source)
	at sun.reflect.DelegatingMethodAccessorImpl.invoke(DelegatingMethodAccessorImpl.java:25)
	at java.lang.reflect.Method.invoke(Method.java:585)
	at org.apache.tools.ant.dispatch.DispatchUtils.execute(DispatchUtils.java:105)
	at org.apache.tools.ant.Task.perform(Task.java:348)
	at org.apache.tools.ant.taskdefs.Sequential.execute(Sequential.java:62)
	at org.apache.tools.ant.UnknownElement.execute(UnknownElement.java:288)
	at sun.reflect.GeneratedMethodAccessor10.invoke(Unknown Source)
	at sun.reflect.DelegatingMethodAccessorImpl.invoke(DelegatingMethodAccessorImpl.java:25)
	at java.lang.reflect.Method.invoke(Method.java:585)
	at org.apache.tools.ant.dispatch.DispatchUtils.execute(DispatchUtils.java:105)
	at org.apache.tools.ant.Task.perform(Task.java:348)
	at org.apache.tools.ant.taskdefs.MacroInstance.execute(MacroInstance.java:391)
	... 32 more
Caused by: C:\CC\software\C3DGridService\build.xml:225: The following error occurred while executing this line:
C:\CC\software\C3DGridService\build-stubs.xml:242: Java returned: 1
	at org.apache.tools.ant.ProjectHelper.addLocationToBuildException(ProjectHelper.java:541)
	at org.apache.tools.ant.taskdefs.Ant.execute(Ant.java:418)
	at org.apache.tools.ant.UnknownElement.execute(UnknownElement.java:288)
	at sun.reflect.GeneratedMethodAccessor34.invoke(Unknown Source)
	at sun.reflect.DelegatingMethodAccessorImpl.invoke(DelegatingMethodAccessorImpl.java:25)
	at java.lang.reflect.Method.invoke(Method.java:585)
	at org.apache.tools.ant.dispatch.DispatchUtils.execute(DispatchUtils.java:105)
	at org.apache.tools.ant.Task.perform(Task.java:348)
	at org.apache.tools.ant.Target.execute(Target.java:357)
	at org.apache.tools.ant.Target.performTasks(Target.java:385)
	at org.apache.tools.ant.Project.executeSortedTargets(Project.java:1329)
	at org.apache.tools.ant.helper.SingleCheckExecutor.executeTargets(SingleCheckExecutor.java:38)
	at org.apache.tools.ant.Project.executeTargets(Project.java:1181)
	at org.apache.tools.ant.taskdefs.Ant.execute(Ant.java:416)
	... 47 more
Caused by: C:\CC\software\C3DGridService\build-stubs.xml:242: Java returned: 1
	at org.apache.tools.ant.taskdefs.Java.execute(Java.java:107)
	at org.apache.tools.ant.UnknownElement.execute(UnknownElement.java:288)
	at sun.reflect.GeneratedMethodAccessor34.invoke(Unknown Source)
	at sun.reflect.DelegatingMethodAccessorImpl.invoke(DelegatingMethodAccessorImpl.java:25)
	at java.lang.reflect.Method.invoke(Method.java:585)
	at org.apache.tools.ant.dispatch.DispatchUtils.execute(DispatchUtils.java:105)
	at org.apache.tools.ant.Task.perform(Task.java:348)
	at org.apache.tools.ant.Target.execute(Target.java:357)
	at org.apache.tools.ant.Target.performTasks(Target.java:385)
	at org.apache.tools.ant.Project.executeSortedTargets(Project.java:1329)
	at org.apache.tools.ant.helper.SingleCheckExecutor.executeTargets(SingleCheckExecutor.java:38)
	at org.apache.tools.ant.Project.executeTargets(Project.java:1181)
	at org.apache.tools.ant.taskdefs.Ant.execute(Ant.java:416)
	... 59 more
--- Nested Exception ---
C:\CC\software\C3DGridService\build.xml:241: The following error occurred while executing this line:
C:\CC\software\C3DGridService\build.xml:225: The following error occurred while executing this line:
C:\CC\software\C3DGridService\build-stubs.xml:242: Java returned: 1
	at org.apache.tools.ant.ProjectHelper.addLocationToBuildException(ProjectHelper.java:541)
	at org.apache.tools.ant.taskdefs.Ant.execute(Ant.java:418)
	at org.apache.tools.ant.taskdefs.CallTarget.execute(CallTarget.java:105)
	at org.apache.tools.ant.UnknownElement.execute(UnknownElement.java:288)
	at sun.reflect.GeneratedMethodAccessor10.invoke(Unknown Source)
	at sun.reflect.DelegatingMethodAccessorImpl.invoke(DelegatingMethodAccessorImpl.java:25)
	at java.lang.reflect.Method.invoke(Method.java:585)
	at org.apache.tools.ant.dispatch.DispatchUtils.execute(DispatchUtils.java:105)
	at org.apache.tools.ant.Task.perform(Task.java:348)
	at org.apache.tools.ant.taskdefs.Sequential.execute(Sequential.java:62)
	at org.apache.tools.ant.UnknownElement.execute(UnknownElement.java:288)
	at sun.reflect.GeneratedMethodAccessor10.invoke(Unknown Source)
	at sun.reflect.DelegatingMethodAccessorImpl.invoke(DelegatingMethodAccessorImpl.java:25)
	at java.lang.reflect.Method.invoke(Method.java:585)
	at org.apache.tools.ant.dispatch.DispatchUtils.execute(DispatchUtils.java:105)
	at org.apache.tools.ant.Task.perform(Task.java:348)
	at org.apache.tools.ant.taskdefs.MacroInstance.execute(MacroInstance.java:391)
	at net.sf.antcontrib.logic.ForTask.doSequentialIteration(ForTask.java:259)
	at net.sf.antcontrib.logic.ForTask.doToken(ForTask.java:268)
	at net.sf.antcontrib.logic.ForTask.doTheTasks(ForTask.java:299)
	at net.sf.antcontrib.logic.ForTask.execute(ForTask.java:244)
	at org.apache.tools.ant.UnknownElement.execute(UnknownElement.java:288)
	at sun.reflect.GeneratedMethodAccessor10.invoke(Unknown Source)
	at sun.reflect.DelegatingMethodAccessorImpl.invoke(DelegatingMethodAccessorImpl.java:25)
	at java.lang.reflect.Method.invoke(Method.java:585)
	at org.apache.tools.ant.dispatch.DispatchUtils.execute(DispatchUtils.java:105)
	at org.apache.tools.ant.Task.perform(Task.java:348)
	at org.apache.tools.ant.Target.execute(Target.java:357)
	at org.apache.tools.ant.Target.performTasks(Target.java:385)
	at org.apache.tools.ant.Project.executeSortedTargets(Project.java:1329)
	at org.apache.tools.ant.helper.SingleCheckExecutor.executeTargets(SingleCheckExecutor.java:38)
	at org.apache.tools.ant.Project.executeTargets(Project.java:1181)
	at org.apache.tools.ant.taskdefs.Ant.execute(Ant.java:416)
	at org.apache.tools.ant.UnknownElement.execute(UnknownElement.java:288)
	at sun.reflect.GeneratedMethodAccessor10.invoke(Unknown Source)
	at sun.reflect.DelegatingMethodAccessorImpl.invoke(DelegatingMethodAccessorImpl.java:25)
	at java.lang.reflect.Method.invoke(Method.java:585)
	at org.apache.tools.ant.dispatch.DispatchUtils.execute(DispatchUtils.java:105)
	at org.apache.tools.ant.Task.perform(Task.java:348)
	at org.apache.tools.ant.Target.execute(Target.java:357)
	at org.apache.tools.ant.Target.performTasks(Target.java:385)
	at org.apache.tools.ant.Project.executeSortedTargets(Project.java:1329)
	at org.apache.tools.ant.Project.executeTarget(Project.java:1298)
	at org.apache.tools.ant.helper.DefaultExecutor.executeTargets(DefaultExecutor.java:41)
	at org.apache.tools.ant.Project.executeTargets(Project.java:1181)
	at org.apache.tools.ant.Main.runBuild(Main.java:698)
	at org.apache.tools.ant.Main.startAnt(Main.java:199)
	at org.apache.tools.ant.launch.Launcher.run(Launcher.java:257)
	at org.apache.tools.ant.launch.Launcher.main(Launcher.java:104)
Caused by: C:\CC\software\C3DGridService\build.xml:225: The following error occurred while executing this line:
C:\CC\software\C3DGridService\build-stubs.xml:242: Java returned: 1
	at org.apache.tools.ant.ProjectHelper.addLocationToBuildException(ProjectHelper.java:541)
	at org.apache.tools.ant.taskdefs.Ant.execute(Ant.java:418)
	at org.apache.tools.ant.UnknownElement.execute(UnknownElement.java:288)
	at sun.reflect.GeneratedMethodAccessor34.invoke(Unknown Source)
	at sun.reflect.DelegatingMethodAccessorImpl.invoke(DelegatingMethodAccessorImpl.java:25)
	at java.lang.reflect.Method.invoke(Method.java:585)
	at org.apache.tools.ant.dispatch.DispatchUtils.execute(DispatchUtils.java:105)
	at org.apache.tools.ant.Task.perform(Task.java:348)
	at org.apache.tools.ant.Target.execute(Target.java:357)
	at org.apache.tools.ant.Target.performTasks(Target.java:385)
	at org.apache.tools.ant.Project.executeSortedTargets(Project.java:1329)
	at org.apache.tools.ant.helper.SingleCheckExecutor.executeTargets(SingleCheckExecutor.java:38)
	at org.apache.tools.ant.Project.executeTargets(Project.java:1181)
	at org.apache.tools.ant.taskdefs.Ant.execute(Ant.java:416)
	... 47 more
Caused by: C:\CC\software\C3DGridService\build-stubs.xml:242: Java returned: 1
	at org.apache.tools.ant.taskdefs.Java.execute(Java.java:107)
	at org.apache.tools.ant.UnknownElement.execute(UnknownElement.java:288)
	at sun.reflect.GeneratedMethodAccessor34.invoke(Unknown Source)
	at sun.reflect.DelegatingMethodAccessorImpl.invoke(DelegatingMethodAccessorImpl.java:25)
	at java.lang.reflect.Method.invoke(Method.java:585)
	at org.apache.tools.ant.dispatch.DispatchUtils.execute(DispatchUtils.java:105)
	at org.apache.tools.ant.Task.perform(Task.java:348)
	at org.apache.tools.ant.Target.execute(Target.java:357)
	at org.apache.tools.ant.Target.performTasks(Target.java:385)
	at org.apache.tools.ant.Project.executeSortedTargets(Project.java:1329)
	at org.apache.tools.ant.helper.SingleCheckExecutor.executeTargets(SingleCheckExecutor.java:38)
	at org.apache.tools.ant.Project.executeTargets(Project.java:1181)
	at org.apache.tools.ant.taskdefs.Ant.execute(Ant.java:416)
	... 59 more
--- Nested Exception ---
C:\CC\software\C3DGridService\build.xml:225: The following error occurred while executing this line:
C:\CC\software\C3DGridService\build-stubs.xml:242: Java returned: 1
	at org.apache.tools.ant.ProjectHelper.addLocationToBuildException(ProjectHelper.java:541)
	at org.apache.tools.ant.taskdefs.Ant.execute(Ant.java:418)
	at org.apache.tools.ant.UnknownElement.execute(UnknownElement.java:288)
	at sun.reflect.GeneratedMethodAccessor34.invoke(Unknown Source)
	at sun.reflect.DelegatingMethodAccessorImpl.invoke(DelegatingMethodAccessorImpl.java:25)
	at java.lang.reflect.Method.invoke(Method.java:585)
	at org.apache.tools.ant.dispatch.DispatchUtils.execute(DispatchUtils.java:105)
	at org.apache.tools.ant.Task.perform(Task.java:348)
	at org.apache.tools.ant.Target.execute(Target.java:357)
	at org.apache.tools.ant.Target.performTasks(Target.java:385)
	at org.apache.tools.ant.Project.executeSortedTargets(Project.java:1329)
	at org.apache.tools.ant.helper.SingleCheckExecutor.executeTargets(SingleCheckExecutor.java:38)
	at org.apache.tools.ant.Project.executeTargets(Project.java:1181)
	at org.apache.tools.ant.taskdefs.Ant.execute(Ant.java:416)
	at org.apache.tools.ant.taskdefs.CallTarget.execute(CallTarget.java:105)
	at org.apache.tools.ant.UnknownElement.execute(UnknownElement.java:288)
	at sun.reflect.GeneratedMethodAccessor10.invoke(Unknown Source)
	at sun.reflect.DelegatingMethodAccessorImpl.invoke(DelegatingMethodAccessorImpl.java:25)
	at java.lang.reflect.Method.invoke(Method.java:585)
	at org.apache.tools.ant.dispatch.DispatchUtils.execute(DispatchUtils.java:105)
	at org.apache.tools.ant.Task.perform(Task.java:348)
	at org.apache.tools.ant.taskdefs.Sequential.execute(Sequential.java:62)
	at org.apache.tools.ant.UnknownElement.execute(UnknownElement.java:288)
	at sun.reflect.GeneratedMethodAccessor10.invoke(Unknown Source)
	at sun.reflect.DelegatingMethodAccessorImpl.invoke(DelegatingMethodAccessorImpl.java:25)
	at java.lang.reflect.Method.invoke(Method.java:585)
	at org.apache.tools.ant.dispatch.DispatchUtils.execute(DispatchUtils.java:105)
	at org.apache.tools.ant.Task.perform(Task.java:348)
	at org.apache.tools.ant.taskdefs.MacroInstance.execute(MacroInstance.java:391)
	at net.sf.antcontrib.logic.ForTask.doSequentialIteration(ForTask.java:259)
	at net.sf.antcontrib.logic.ForTask.doToken(ForTask.java:268)
	at net.sf.antcontrib.logic.ForTask.doTheTasks(ForTask.java:299)
	at net.sf.antcontrib.logic.ForTask.execute(ForTask.java:244)
	at org.apache.tools.ant.UnknownElement.execute(UnknownElement.java:288)
	at sun.reflect.GeneratedMethodAccessor10.invoke(Unknown Source)
	at sun.reflect.DelegatingMethodAccessorImpl.invoke(DelegatingMethodAccessorImpl.java:25)
	at java.lang.reflect.Method.invoke(Method.java:585)
	at org.apache.tools.ant.dispatch.DispatchUtils.execute(DispatchUtils.java:105)
	at org.apache.tools.ant.Task.perform(Task.java:348)
	at org.apache.tools.ant.Target.execute(Target.java:357)
	at org.apache.tools.ant.Target.performTasks(Target.java:385)
	at org.apache.tools.ant.Project.executeSortedTargets(Project.java:1329)
	at org.apache.tools.ant.helper.SingleCheckExecutor.executeTargets(SingleCheckExecutor.java:38)
	at org.apache.tools.ant.Project.executeTargets(Project.java:1181)
	at org.apache.tools.ant.taskdefs.Ant.execute(Ant.java:416)
	at org.apache.tools.ant.UnknownElement.execute(UnknownElement.java:288)
	at sun.reflect.GeneratedMethodAccessor10.invoke(Unknown Source)
	at sun.reflect.DelegatingMethodAccessorImpl.invoke(DelegatingMethodAccessorImpl.java:25)
	at java.lang.reflect.Method.invoke(Method.java:585)
	at org.apache.tools.ant.dispatch.DispatchUtils.execute(DispatchUtils.java:105)
	at org.apache.tools.ant.Task.perform(Task.java:348)
	at org.apache.tools.ant.Target.execute(Target.java:357)
	at org.apache.tools.ant.Target.performTasks(Target.java:385)
	at org.apache.tools.ant.Project.executeSortedTargets(Project.java:1329)
	at org.apache.tools.ant.Project.executeTarget(Project.java:1298)
	at org.apache.tools.ant.helper.DefaultExecutor.executeTargets(DefaultExecutor.java:41)
	at org.apache.tools.ant.Project.executeTargets(Project.java:1181)
	at org.apache.tools.ant.Main.runBuild(Main.java:698)
	at org.apache.tools.ant.Main.startAnt(Main.java:199)
	at org.apache.tools.ant.launch.Launcher.run(Launcher.java:257)
	at org.apache.tools.ant.launch.Launcher.main(Launcher.java:104)
Caused by: C:\CC\software\C3DGridService\build-stubs.xml:242: Java returned: 1
	at org.apache.tools.ant.taskdefs.Java.execute(Java.java:107)
	at org.apache.tools.ant.UnknownElement.execute(UnknownElement.java:288)
	at sun.reflect.GeneratedMethodAccessor34.invoke(Unknown Source)
	at sun.reflect.DelegatingMethodAccessorImpl.invoke(DelegatingMethodAccessorImpl.java:25)
	at java.lang.reflect.Method.invoke(Method.java:585)
	at org.apache.tools.ant.dispatch.DispatchUtils.execute(DispatchUtils.java:105)
	at org.apache.tools.ant.Task.perform(Task.java:348)
	at org.apache.tools.ant.Target.execute(Target.java:357)
	at org.apache.tools.ant.Target.performTasks(Target.java:385)
	at org.apache.tools.ant.Project.executeSortedTargets(Project.java:1329)
	at org.apache.tools.ant.helper.SingleCheckExecutor.executeTargets(SingleCheckExecutor.java:38)
	at org.apache.tools.ant.Project.executeTargets(Project.java:1181)
	at org.apache.tools.ant.taskdefs.Ant.execute(Ant.java:416)
	... 59 more
--- Nested Exception ---
C:\CC\software\C3DGridService\build-stubs.xml:242: Java returned: 1
	at org.apache.tools.ant.taskdefs.Java.execute(Java.java:107)
	at org.apache.tools.ant.UnknownElement.execute(UnknownElement.java:288)
	at sun.reflect.GeneratedMethodAccessor34.invoke(Unknown Source)
	at sun.reflect.DelegatingMethodAccessorImpl.invoke(DelegatingMethodAccessorImpl.java:25)
	at java.lang.reflect.Method.invoke(Method.java:585)
	at org.apache.tools.ant.dispatch.DispatchUtils.execute(DispatchUtils.java:105)
	at org.apache.tools.ant.Task.perform(Task.java:348)
	at org.apache.tools.ant.Target.execute(Target.java:357)
	at org.apache.tools.ant.Target.performTasks(Target.java:385)
	at org.apache.tools.ant.Project.executeSortedTargets(Project.java:1329)
	at org.apache.tools.ant.helper.SingleCheckExecutor.executeTargets(SingleCheckExecutor.java:38)
	at org.apache.tools.ant.Project.executeTargets(Project.java:1181)
	at org.apache.tools.ant.taskdefs.Ant.execute(Ant.java:416)
	at org.apache.tools.ant.UnknownElement.execute(UnknownElement.java:288)
	at sun.reflect.GeneratedMethodAccessor34.invoke(Unknown Source)
	at sun.reflect.DelegatingMethodAccessorImpl.invoke(DelegatingMethodAccessorImpl.java:25)
	at java.lang.reflect.Method.invoke(Method.java:585)
	at org.apache.tools.ant.dispatch.DispatchUtils.execute(DispatchUtils.java:105)
	at org.apache.tools.ant.Task.perform(Task.java:348)
	at org.apache.tools.ant.Target.execute(Target.java:357)
	at org.apache.tools.ant.Target.performTasks(Target.java:385)
	at org.apache.tools.ant.Project.executeSortedTargets(Project.java:1329)
	at org.apache.tools.ant.helper.SingleCheckExecutor.executeTargets(SingleCheckExecutor.java:38)
	at org.apache.tools.ant.Project.executeTargets(Project.java:1181)
	at org.apache.tools.ant.taskdefs.Ant.execute(Ant.java:416)
	at org.apache.tools.ant.taskdefs.CallTarget.execute(CallTarget.java:105)
	at org.apache.tools.ant.UnknownElement.execute(UnknownElement.java:288)
	at sun.reflect.GeneratedMethodAccessor10.invoke(Unknown Source)
	at sun.reflect.DelegatingMethodAccessorImpl.invoke(DelegatingMethodAccessorImpl.java:25)
	at java.lang.reflect.Method.invoke(Method.java:585)
	at org.apache.tools.ant.dispatch.DispatchUtils.execute(DispatchUtils.java:105)
	at org.apache.tools.ant.Task.perform(Task.java:348)
	at org.apache.tools.ant.taskdefs.Sequential.execute(Sequential.java:62)
	at org.apache.tools.ant.UnknownElement.execute(UnknownElement.java:288)
	at sun.reflect.GeneratedMethodAccessor10.invoke(Unknown Source)
	at sun.reflect.DelegatingMethodAccessorImpl.invoke(DelegatingMethodAccessorImpl.java:25)
	at java.lang.reflect.Method.invoke(Method.java:585)
	at org.apache.tools.ant.dispatch.DispatchUtils.execute(DispatchUtils.java:105)
	at org.apache.tools.ant.Task.perform(Task.java:348)
	at org.apache.tools.ant.taskdefs.MacroInstance.execute(MacroInstance.java:391)
	at net.sf.antcontrib.logic.ForTask.doSequentialIteration(ForTask.java:259)
	at net.sf.antcontrib.logic.ForTask.doToken(ForTask.java:268)
	at net.sf.antcontrib.logic.ForTask.doTheTasks(ForTask.java:299)
	at net.sf.antcontrib.logic.ForTask.execute(ForTask.java:244)
	at org.apache.tools.ant.UnknownElement.execute(UnknownElement.java:288)
	at sun.reflect.GeneratedMethodAccessor10.invoke(Unknown Source)
	at sun.reflect.DelegatingMethodAccessorImpl.invoke(DelegatingMethodAccessorImpl.java:25)
	at java.lang.reflect.Method.invoke(Method.java:585)
	at org.apache.tools.ant.dispatch.DispatchUtils.execute(DispatchUtils.java:105)
	at org.apache.tools.ant.Task.perform(Task.java:348)
	at org.apache.tools.ant.Target.execute(Target.java:357)
	at org.apache.tools.ant.Target.performTasks(Target.java:385)
	at org.apache.tools.ant.Project.executeSortedTargets(Project.java:1329)
	at org.apache.tools.ant.helper.SingleCheckExecutor.executeTargets(SingleCheckExecutor.java:38)
	at org.apache.tools.ant.Project.executeTargets(Project.java:1181)
	at org.apache.tools.ant.taskdefs.Ant.execute(Ant.java:416)
	at org.apache.tools.ant.UnknownElement.execute(UnknownElement.java:288)
	at sun.reflect.GeneratedMethodAccessor10.invoke(Unknown Source)
	at sun.reflect.DelegatingMethodAccessorImpl.invoke(DelegatingMethodAccessorImpl.java:25)
	at java.lang.reflect.Method.invoke(Method.java:585)
	at org.apache.tools.ant.dispatch.DispatchUtils.execute(DispatchUtils.java:105)
	at org.apache.tools.ant.Task.perform(Task.java:348)
	at org.apache.tools.ant.Target.execute(Target.java:357)
	at org.apache.tools.ant.Target.performTasks(Target.java:385)
	at org.apache.tools.ant.Project.executeSortedTargets(Project.java:1329)
	at org.apache.tools.ant.Project.executeTarget(Project.java:1298)
	at org.apache.tools.ant.helper.DefaultExecutor.executeTargets(DefaultExecutor.java:41)
	at org.apache.tools.ant.Project.executeTargets(Project.java:1181)
	at org.apache.tools.ant.Main.runBuild(Main.java:698)
	at org.apache.tools.ant.Main.startAnt(Main.java:199)
	at org.apache.tools.ant.launch.Launcher.run(Launcher.java:257)
	at org.apache.tools.ant.launch.Launcher.main(Launcher.java:104)
